# JRE version: 7.0_25-b17
# Java VM: Java HotSpot(TM) 64-Bit Server VM (23.25-b01 mixed mode windows-amd64 compressed oops)
Heap
 PSYoungGen      total 105856K, used 21394K [0x00000000eaab0000, 0x00000000f22b0000, 0x0000000100000000)
  eden space 94592K, 22% used [0x00000000eaab0000,0x00000000ebf94858,0x00000000f0710000)
  from space 11264K, 0% used [0x00000000f13f0000,0x00000000f13f0000,0x00000000f1ef0000)
  to   space 13184K, 0% used [0x00000000f0710000,0x00000000f0710000,0x00000000f13f0000)
 ParOldGen       total 64192K, used 58230K [0x00000000c0000000, 0x00000000c3eb0000, 0x00000000eaab0000)
  object space 64192K, 90% used [0x00000000c0000000,0x00000000c38dd968,0x00000000c3eb0000)
 PSPermGen       total 21248K, used 6135K [0x00000000bae00000, 0x00000000bc2c0000, 0x00000000c0000000)
  object space 21248K, 28% used [0x00000000bae00000,0x00000000bb3fdda0,0x00000000bc2c0000)
GC Heap History (10 events):
Event: 45.715 GC heap before
{Heap before GC invocations=5 (full 0):
 PSYoungGen      total 52224K, used 52214K [0x00000000eaab0000, 0x00000000ee190000, 0x0000000100000000)
  eden space 48256K, 100% used [0x00000000eaab0000,0x00000000ed9d0000,0x00000000ed9d0000)
  from space 3968K, 99% used [0x00000000eddb0000,0x00000000ee18d8e8,0x00000000ee190000)
  to   space 3968K, 0% used [0x00000000ed9d0000,0x00000000ed9d0000,0x00000000eddb0000)
 ParOldGen       total 64192K, used 12228K [0x00000000c0000000, 0x00000000c3eb0000, 0x00000000eaab0000)
  object space 64192K, 19% used [0x00000000c0000000,0x00000000c0bf1000,0x00000000c3eb0000)
 PSPermGen       total 21248K, used 6045K [0x00000000bae00000, 0x00000000bc2c0000, 0x00000000c0000000)
  object space 21248K, 28% used [0x00000000bae00000,0x00000000bb3e7640,0x00000000bc2c0000)
Event: 45.744 GC heap after
Heap after GC invocations=5 (full 0):
 PSYoungGen      total 52224K, used 3953K [0x00000000eaab0000, 0x00000000f1ef0000, 0x0000000100000000)
  eden space 48256K, 0% used [0x00000000eaab0000,0x00000000eaab0000,0x00000000ed9d0000)
  from space 3968K, 99% used [0x00000000ed9d0000,0x00000000eddac438,0x00000000eddb0000)
  to   space 11264K, 0% used [0x00000000f13f0000,0x00000000f13f0000,0x00000000f1ef0000)
 ParOldGen       total 64192K, used 19555K [0x00000000c0000000, 0x00000000c3eb0000, 0x00000000eaab0000)
  object space 64192K, 30% used [0x00000000c0000000,0x00000000c1318d00,0x00000000c3eb0000)
 PSPermGen       total 21248K, used 6045K [0x00000000bae00000, 0x00000000bc2c0000, 0x00000000c0000000)
  object space 21248K, 28% used [0x00000000bae00000,0x00000000bb3e7640,0x00000000bc2c0000)
}
Event: 48.406 GC heap before
{Heap before GC invocations=6 (full 0):
 PSYoungGen      total 52224K, used 52209K [0x00000000eaab0000, 0x00000000f1ef0000, 0x0000000100000000)
  eden space 48256K, 100% used [0x00000000eaab0000,0x00000000ed9d0000,0x00000000ed9d0000)
  from space 3968K, 99% used [0x00000000ed9d0000,0x00000000eddac438,0x00000000eddb0000)
  to   space 11264K, 0% used [0x00000000f13f0000,0x00000000f13f0000,0x00000000f1ef0000)
 ParOldGen       total 64192K, used 19555K [0x00000000c0000000, 0x00000000c3eb0000, 0x00000000eaab0000)
  object space 64192K, 30% used [0x00000000c0000000,0x00000000c1318d00,0x00000000c3eb0000)
 PSPermGen       total 21248K, used 6067K [0x00000000bae00000, 0x00000000bc2c0000, 0x00000000c0000000)
  object space 21248K, 28% used [0x00000000bae00000,0x00000000bb3ecc30,0x00000000bc2c0000)
Event: 48.448 GC heap after
Heap after GC invocations=6 (full 0):
 PSYoungGen      total 105856K, used 11233K [0x00000000eaab0000, 0x00000000f22b0000, 0x0000000100000000)
  eden space 94592K, 0% used [0x00000000eaab0000,0x00000000eaab0000,0x00000000f0710000)
  from space 11264K, 99% used [0x00000000f13f0000,0x00000000f1ee87d0,0x00000000f1ef0000)
  to   space 13184K, 0% used [0x00000000f0710000,0x00000000f0710000,0x00000000f13f0000)
 ParOldGen       total 64192K, used 20496K [0x00000000c0000000, 0x00000000c3eb0000, 0x00000000eaab0000)
  object space 64192K, 31% used [0x00000000c0000000,0x00000000c14042f8,0x00000000c3eb0000)
 PSPermGen       total 21248K, used 6067K [0x00000000bae00000, 0x00000000bc2c0000, 0x00000000c0000000)
  object space 21248K, 28% used [0x00000000bae00000,0x00000000bb3ecc30,0x00000000bc2c0000)
}
Event: 54.228 GC heap before
{Heap before GC invocations=7 (full 0):
 PSYoungGen      total 105856K, used 105825K [0x00000000eaab0000, 0x00000000f22b0000, 0x0000000100000000)
  eden space 94592K, 100% used [0x00000000eaab0000,0x00000000f0710000,0x00000000f0710000)
  from space 11264K, 99% used [0x00000000f13f0000,0x00000000f1ee87d0,0x00000000f1ef0000)
  to   space 13184K, 0% used [0x00000000f0710000,0x00000000f0710000,0x00000000f13f0000)
 ParOldGen       total 64192K, used 20496K [0x00000000c0000000, 0x00000000c3eb0000, 0x00000000eaab0000)
  object space 64192K, 31% used [0x00000000c0000000,0x00000000c14042f8,0x00000000c3eb0000)
 PSPermGen       total 21248K, used 6095K [0x00000000bae00000, 0x00000000bc2c0000, 0x00000000c0000000)
  object space 21248K, 28% used [0x00000000bae00000,0x00000000bb3f3cd8,0x00000000bc2c0000)
Event: 54.279 GC heap after
Heap after GC invocations=7 (full 0):
 PSYoungGen      total 107776K, used 13166K [0x00000000eaab0000, 0x00000000f22b0000, 0x0000000100000000)
  eden space 94592K, 0% used [0x00000000eaab0000,0x00000000eaab0000,0x00000000f0710000)
  from space 13184K, 99% used [0x00000000f0710000,0x00000000f13ebbb0,0x00000000f13f0000)
  to   space 11264K, 0% used [0x00000000f13f0000,0x00000000f13f0000,0x00000000f1ef0000)
 ParOldGen       total 64192K, used 34070K [0x00000000c0000000, 0x00000000c3eb0000, 0x00000000eaab0000)
  object space 64192K, 53% used [0x00000000c0000000,0x00000000c2145b80,0x00000000c3eb0000)
 PSPermGen       total 21248K, used 6095K [0x00000000bae00000, 0x00000000bc2c0000, 0x00000000c0000000)
  object space 21248K, 28% used [0x00000000bae00000,0x00000000bb3f3cd8,0x00000000bc2c0000)
}
Event: 58.675 GC heap before
{Heap before GC invocations=8 (full 0):
 PSYoungGen      total 107776K, used 107758K [0x00000000eaab0000, 0x00000000f22b0000, 0x0000000100000000)
  eden space 94592K, 100% used [0x00000000eaab0000,0x00000000f0710000,0x00000000f0710000)
  from space 13184K, 99% used [0x00000000f0710000,0x00000000f13ebbb0,0x00000000f13f0000)
  to   space 11264K, 0% used [0x00000000f13f0000,0x00000000f13f0000,0x00000000f1ef0000)
 ParOldGen       total 64192K, used 34070K [0x00000000c0000000, 0x00000000c3eb0000, 0x00000000eaab0000)
  object space 64192K, 53% used [0x00000000c0000000,0x00000000c2145b80,0x00000000c3eb0000)
 PSPermGen       total 21248K, used 6135K [0x00000000bae00000, 0x00000000bc2c0000, 0x00000000c0000000)
  object space 21248K, 28% used [0x00000000bae00000,0x00000000bb3fdcb8,0x00000000bc2c0000)
Event: 58.753 GC heap after
Heap after GC invocations=8 (full 0):
 PSYoungGen      total 105856K, used 11253K [0x00000000eaab0000, 0x00000000f22b0000, 0x0000000100000000)
  eden space 94592K, 0% used [0x00000000eaab0000,0x00000000eaab0000,0x00000000f0710000)
  from space 11264K, 99% used [0x00000000f13f0000,0x00000000f1eed400,0x00000000f1ef0000)
  to   space 13184K, 0% used [0x00000000f0710000,0x00000000f0710000,0x00000000f13f0000)
 ParOldGen       total 64192K, used 50897K [0x00000000c0000000, 0x00000000c3eb0000, 0x00000000eaab0000)
  object space 64192K, 79% used [0x00000000c0000000,0x00000000c31b47e8,0x00000000c3eb0000)
 PSPermGen       total 21248K, used 6135K [0x00000000bae00000, 0x00000000bc2c0000, 0x00000000c0000000)
  object space 21248K, 28% used [0x00000000bae00000,0x00000000bb3fdcb8,0x00000000bc2c0000)
}
Event: 58.753 GC heap before
{Heap before GC invocations=9 (full 1):
 PSYoungGen      total 105856K, used 11253K [0x00000000eaab0000, 0x00000000f22b0000, 0x0000000100000000)
  eden space 94592K, 0% used [0x00000000eaab0000,0x00000000eaab0000,0x00000000f0710000)
  from space 11264K, 99% used [0x00000000f13f0000,0x00000000f1eed400,0x00000000f1ef0000)
  to   space 13184K, 0% used [0x00000000f0710000,0x00000000f0710000,0x00000000f13f0000)
 ParOldGen       total 64192K, used 50897K [0x00000000c0000000, 0x00000000c3eb0000, 0x00000000eaab0000)
  object space 64192K, 79% used [0x00000000c0000000,0x00000000c31b47e8,0x00000000c3eb0000)
 PSPermGen       total 21248K, used 6135K [0x00000000bae00000, 0x00000000bc2c0000, 0x00000000c0000000)
  object space 21248K, 28% used [0x00000000bae00000,0x00000000bb3fdcb8,0x00000000bc2c0000)
Event: 60.733 GC heap after
Heap after GC invocations=9 (full 1):
 PSYoungGen      total 105856K, used 0K [0x00000000eaab0000, 0x00000000f22b0000, 0x0000000100000000)
  eden space 94592K, 0% used [0x00000000eaab0000,0x00000000eaab0000,0x00000000f0710000)
  from space 11264K, 0% used [0x00000000f13f0000,0x00000000f13f0000,0x00000000f1ef0000)
  to   space 13184K, 0% used [0x00000000f0710000,0x00000000f0710000,0x00000000f13f0000)
 ParOldGen       total 64192K, used 58230K [0x00000000c0000000, 0x00000000c3eb0000, 0x00000000eaab0000)
  object space 64192K, 90% used [0x00000000c0000000,0x00000000c38dd968,0x00000000c3eb0000)
 PSPermGen       total 21248K, used 6128K [0x00000000bae00000, 0x00000000bc2c0000, 0x00000000c0000000)
  object space 21248K, 28% used [0x00000000bae00000,0x00000000bb3fc1f8,0x00000000bc2c0000)
}

