# JRE version: 7.0_25-b17
# Java VM: Java HotSpot(TM) 64-Bit Server VM (23.25-b01 mixed mode windows-amd64 compressed oops)
Heap
 PSYoungGen      total 52224K, used 46856K [0x00000000eaab0000, 0x00000000ee190000, 0x0000000100000000)
  eden space 48256K, 88% used [0x00000000eaab0000,0x00000000ed494600,0x00000000ed9d0000)
  from space 3968K, 99% used [0x00000000eddb0000,0x00000000ee18dc88,0x00000000ee190000)
  to   space 3968K, 0% used [0x00000000ed9d0000,0x00000000ed9d0000,0x00000000eddb0000)
 ParOldGen       total 64192K, used 4727K [0x00000000c0000000, 0x00000000c3eb0000, 0x00000000eaab0000)
  object space 64192K, 7% used [0x00000000c0000000,0x00000000c049dc38,0x00000000c3eb0000)
 PSPermGen       total 21248K, used 6004K [0x00000000bae00000, 0x00000000bc2c0000, 0x00000000c0000000)
  object space 21248K, 28% used [0x00000000bae00000,0x00000000bb3dd0e0,0x00000000bc2c0000)
GC Heap History (4 events):
Event: 1.122 GC heap before
{Heap before GC invocations=1 (full 0):
 PSYoungGen      total 28096K, used 24128K [0x00000000eaab0000, 0x00000000eca00000, 0x0000000100000000)
  eden space 24128K, 100% used [0x00000000eaab0000,0x00000000ec240000,0x00000000ec240000)
  from space 3968K, 0% used [0x00000000ec620000,0x00000000ec620000,0x00000000eca00000)
  to   space 3968K, 0% used [0x00000000ec240000,0x00000000ec240000,0x00000000ec620000)
 ParOldGen       total 64192K, used 0K [0x00000000c0000000, 0x00000000c3eb0000, 0x00000000eaab0000)
  object space 64192K, 0% used [0x00000000c0000000,0x00000000c0000000,0x00000000c3eb0000)
 PSPermGen       total 21248K, used 5817K [0x00000000bae00000, 0x00000000bc2c0000, 0x00000000c0000000)
  object space 21248K, 27% used [0x00000000bae00000,0x00000000bb3ae588,0x00000000bc2c0000)
Event: 1.136 GC heap after
Heap after GC invocations=1 (full 0):
 PSYoungGen      total 28096K, used 3944K [0x00000000eaab0000, 0x00000000ee190000, 0x0000000100000000)
  eden space 24128K, 0% used [0x00000000eaab0000,0x00000000eaab0000,0x00000000ec240000)
  from space 3968K, 99% used [0x00000000ec240000,0x00000000ec61a028,0x00000000ec620000)
  to   space 3968K, 0% used [0x00000000eddb0000,0x00000000eddb0000,0x00000000ee190000)
 ParOldGen       total 64192K, used 1317K [0x00000000c0000000, 0x00000000c3eb0000, 0x00000000eaab0000)
  object space 64192K, 2% used [0x00000000c0000000,0x00000000c0149580,0x00000000c3eb0000)
 PSPermGen       total 21248K, used 5817K [0x00000000bae00000, 0x00000000bc2c0000, 0x00000000c0000000)
  object space 21248K, 27% used [0x00000000bae00000,0x00000000bb3ae588,0x00000000bc2c0000)
}
Event: 1.623 GC heap before
{Heap before GC invocations=2 (full 0):
 PSYoungGen      total 28096K, used 28072K [0x00000000eaab0000, 0x00000000ee190000, 0x0000000100000000)
  eden space 24128K, 100% used [0x00000000eaab0000,0x00000000ec240000,0x00000000ec240000)
  from space 3968K, 99% used [0x00000000ec240000,0x00000000ec61a028,0x00000000ec620000)
  to   space 3968K, 0% used [0x00000000eddb0000,0x00000000eddb0000,0x00000000ee190000)
 ParOldGen       total 64192K, used 1317K [0x00000000c0000000, 0x00000000c3eb0000, 0x00000000eaab0000)
  object space 64192K, 2% used [0x00000000c0000000,0x00000000c0149580,0x00000000c3eb0000)
 PSPermGen       total 21248K, used 5936K [0x00000000bae00000, 0x00000000bc2c0000, 0x00000000c0000000)
  object space 21248K, 27% used [0x00000000bae00000,0x00000000bb3cc158,0x00000000bc2c0000)
Event: 1.634 GC heap after
Heap after GC invocations=2 (full 0):
 PSYoungGen      total 52224K, used 3959K [0x00000000eaab0000, 0x00000000ee190000, 0x0000000100000000)
  eden space 48256K, 0% used [0x00000000eaab0000,0x00000000eaab0000,0x00000000ed9d0000)
  from space 3968K, 99% used [0x00000000eddb0000,0x00000000ee18dc88,0x00000000ee190000)
  to   space 3968K, 0% used [0x00000000ed9d0000,0x00000000ed9d0000,0x00000000eddb0000)
 ParOldGen       total 64192K, used 4727K [0x00000000c0000000, 0x00000000c3eb0000, 0x00000000eaab0000)
  object space 64192K, 7% used [0x00000000c0000000,0x00000000c049dc38,0x00000000c3eb0000)
 PSPermGen       total 21248K, used 5936K [0x00000000bae00000, 0x00000000bc2c0000, 0x00000000c0000000)
  object space 21248K, 27% used [0x00000000bae00000,0x00000000bb3cc158,0x00000000bc2c0000)
}

